0 info it worked if it ends with ok
1 verbose cli [ '/usr/bin/node', '/usr/bin/npm', 'run', 'dev' ]
2 info using npm@3.5.2
3 info using node@v8.10.0
4 verbose run-script [ 'predev', 'dev', 'postdev' ]
5 info lifecycle foxiny-gateway@0.1.0~predev: foxiny-gateway@0.1.0
6 silly lifecycle foxiny-gateway@0.1.0~predev: no script for predev, continuing
7 info lifecycle foxiny-gateway@0.1.0~dev: foxiny-gateway@0.1.0
8 verbose lifecycle foxiny-gateway@0.1.0~dev: unsafe-perm in lifecycle true
9 verbose lifecycle foxiny-gateway@0.1.0~dev: PATH: /usr/share/npm/bin/node-gyp-bin:/home/khaphan411/Projects/foxiny/gateway/node_modules/.bin:/usr/local/sbin:/usr/local/bin:/usr/sbin:/usr/bin:/sbin:/bin:/usr/games:/usr/local/games:/snap/bin
10 verbose lifecycle foxiny-gateway@0.1.0~dev: CWD: /home/khaphan411/Projects/foxiny/gateway
11 silly lifecycle foxiny-gateway@0.1.0~dev: Args: [ '-c',
11 silly lifecycle   'env-cmd ../config/dev.env nodemon --delay 1500ms ./src/index.js --exec babel-node ./src/index.js --ext js,graphql' ]
12 silly lifecycle foxiny-gateway@0.1.0~dev: Returned: code: 137  signal: null
13 info lifecycle foxiny-gateway@0.1.0~dev: Failed to exec dev script
14 verbose stack Error: foxiny-gateway@0.1.0 dev: `env-cmd ../config/dev.env nodemon --delay 1500ms ./src/index.js --exec babel-node ./src/index.js --ext js,graphql`
14 verbose stack Exit status 137
14 verbose stack     at EventEmitter.<anonymous> (/usr/share/npm/lib/utils/lifecycle.js:232:16)
14 verbose stack     at emitTwo (events.js:126:13)
14 verbose stack     at EventEmitter.emit (events.js:214:7)
14 verbose stack     at ChildProcess.<anonymous> (/usr/share/npm/lib/utils/spawn.js:24:14)
14 verbose stack     at emitTwo (events.js:126:13)
14 verbose stack     at ChildProcess.emit (events.js:214:7)
14 verbose stack     at maybeClose (internal/child_process.js:925:16)
14 verbose stack     at Process.ChildProcess._handle.onexit (internal/child_process.js:209:5)
15 verbose pkgid foxiny-gateway@0.1.0
16 verbose cwd /home/khaphan411/Projects/foxiny/gateway
17 error Linux 4.18.0-25-generic
18 error argv "/usr/bin/node" "/usr/bin/npm" "run" "dev"
19 error node v8.10.0
20 error npm  v3.5.2
21 error code ELIFECYCLE
22 error foxiny-gateway@0.1.0 dev: `env-cmd ../config/dev.env nodemon --delay 1500ms ./src/index.js --exec babel-node ./src/index.js --ext js,graphql`
22 error Exit status 137
23 error Failed at the foxiny-gateway@0.1.0 dev script 'env-cmd ../config/dev.env nodemon --delay 1500ms ./src/index.js --exec babel-node ./src/index.js --ext js,graphql'.
23 error Make sure you have the latest version of node.js and npm installed.
23 error If you do, this is most likely a problem with the foxiny-gateway package,
23 error not with npm itself.
23 error Tell the author that this fails on your system:
23 error     env-cmd ../config/dev.env nodemon --delay 1500ms ./src/index.js --exec babel-node ./src/index.js --ext js,graphql
23 error You can get information on how to open an issue for this project with:
23 error     npm bugs foxiny-gateway
23 error Or if that isn't available, you can get their info via:
23 error     npm owner ls foxiny-gateway
23 error There is likely additional logging output above.
24 verbose exit [ 1, true ]
